ParseStarterProject/build/outputs/logs/manifest-merger-debug-report.txt
-- Merging decision tree log ---
manifest
ADDED from src\main\AndroidManifest.xml:10:1-101:12
	package
		ADDED from src\main\AndroidManifest.xml:11:5-32
		INJECTED from src\main\AndroidManifest.xml
		INJECTED from src\main\AndroidManifest.xml
	android:versionName
		INJECTED from src\main\AndroidManifest.xml
		INJECTED from src\main\AndroidManifest.xml
	xmlns:android
		ADDED from src\main\AndroidManifest.xml:10:11-69
	android:versionCode
		INJECTED from src\main\AndroidManifest.xml
		INJECTED from src\main\AndroidManifest.xml
uses-permission#android.permission.INTERNET
ADDED from src\main\AndroidManifest.xml:12:5-67
	android:name
		ADDED from src\main\AndroidManifest.xml:12:22-64
uses-permission#android.permission.ACCESS_NETWORK_STATE
ADDED from src\main\AndroidManifest.xml:13:5-79
	android:name
		ADDED from src\main\AndroidManifest.xml:13:22-76
uses-permission#android.permission.WAKE_LOCK
ADDED from src\main\AndroidManifest.xml:14:5-68
	android:name
		ADDED from src\main\AndroidManifest.xml:14:22-65
uses-permission#android.permission.VIBRATE
ADDED from src\main\AndroidManifest.xml:15:5-66
	android:name
		ADDED from src\main\AndroidManifest.xml:15:22-63
uses-permission#android.permission.GET_ACCOUNTS
ADDED from src\main\AndroidManifest.xml:16:5-71
	android:name
		ADDED from src\main\AndroidManifest.xml:16:22-68
uses-permission#com.google.android.c2dm.permission.RECEIVE
ADDED from src\main\AndroidManifest.xml:17:5-82
	android:name
		ADDED from src\main\AndroidManifest.xml:17:22-79
permission#com.chatt.demo.permission.C2D_MESSAGE
ADDED from src\main\AndroidManifest.xml:18:5-19:64
	android:protectionLevel
		ADDED from src\main\AndroidManifest.xml:18:17-52
	android:name
		ADDED from src\main\AndroidManifest.xml:19:9-61
uses-permission#com.chatt.demo.permission.C2D_MESSAGE
ADDED from src\main\AndroidManifest.xml:20:5-77
	android:name
		ADDED from src\main\AndroidManifest.xml:20:22-74
application
ADDED from src\main\AndroidManifest.xml:22:5-99:19
MERGED from [com.android.support:appcompat-v7:23.1.1] AndroidManifest.xml:22:5-20
MERGED from [com.android.support:support-v4:23.1.1] AndroidManifest.xml:22:5-20
MERGED from [com.parse:ParseUI-Login:0.0.1] AndroidManifest.xml:32:5-20
MERGED from [com.android.support:support-v4:23.1.1] AndroidManifest.xml:22:5-20
	android:label
		ADDED from src\main\AndroidManifest.xml:25:9-41
	android:allowBackup
		ADDED from src\main\AndroidManifest.xml:23:9-35
	android:icon
		ADDED from src\main\AndroidManifest.xml:24:9-45
	android:theme
		ADDED from src\main\AndroidManifest.xml:26:9-44
	android:name
		ADDED from src\main\AndroidManifest.xml:26:45-83
activity#com.chatt.demo.Login
ADDED from src\main\AndroidManifest.xml:27:9-37:20
	android:screenOrientation
		ADDED from src\main\AndroidManifest.xml:29:13-49
	android:windowSoftInputMode
		ADDED from src\main\AndroidManifest.xml:30:13-54
	android:theme
		ADDED from src\main\AndroidManifest.xml:31:13-77
	android:name
		ADDED from src\main\AndroidManifest.xml:28:13-48
intent-filter#android.intent.action.MAIN+android.intent.category.LAUNCHER
ADDED from src\main\AndroidManifest.xml:32:13-36:29
action#android.intent.action.MAIN
ADDED from src\main\AndroidManifest.xml:33:17-69
	android:name
		ADDED from src\main\AndroidManifest.xml:33:25-66
category#android.intent.category.LAUNCHER
ADDED from src\main\AndroidManifest.xml:35:17-77
	android:name
		ADDED from src\main\AndroidManifest.xml:35:27-74
activity#com.chatt.demo.Register
ADDED from src\main\AndroidManifest.xml:39:9-44:20
	android:screenOrientation
		ADDED from src\main\AndroidManifest.xml:41:13-49
	android:windowSoftInputMode
		ADDED from src\main\AndroidManifest.xml:42:13-54
	android:theme
		ADDED from src\main\AndroidManifest.xml:43:13-77
	android:name
		ADDED from src\main\AndroidManifest.xml:40:13-51
activity#com.chatt.demo.UserList
ADDED from src\main\AndroidManifest.xml:46:9-53:20
	android:screenOrientation
		ADDED from src\main\AndroidManifest.xml:51:13-49
	android:label
		ADDED from src\main\AndroidManifest.xml:48:13-45
	android:windowSoftInputMode
		ADDED from src\main\AndroidManifest.xml:52:13-67
	android:theme
		ADDED from src\main\AndroidManifest.xml:50:13-74
	android:logo
		ADDED from src\main\AndroidManifest.xml:49:13-42
	android:name
		ADDED from src\main\AndroidManifest.xml:47:13-51
activity#com.chatt.demo.Chat
ADDED from src\main\AndroidManifest.xml:54:9-63:20
	android:screenOrientation
		ADDED from src\main\AndroidManifest.xml:60:13-49
	android:label
		ADDED from src\main\AndroidManifest.xml:56:13-45
	android:parentActivityName
		ADDED from src\main\AndroidManifest.xml:59:13-65
	android:windowSoftInputMode
		ADDED from src\main\AndroidManifest.xml:61:13-67
	android:theme
		ADDED from src\main\AndroidManifest.xml:58:13-74
	android:logo
		ADDED from src\main\AndroidManifest.xml:57:13-42
	android:name
		ADDED from src\main\AndroidManifest.xml:55:13-47
activity#com.chatt.demo.UserProfile
ADDED from src\main\AndroidManifest.xml:64:9-71:20
	android:label
		ADDED from src\main\AndroidManifest.xml:66:13-35
	android:parentActivityName
		ADDED from src\main\AndroidManifest.xml:67:13-65
	android:theme
		ADDED from src\main\AndroidManifest.xml:65:13-74
	android:logo
		ADDED from src\main\AndroidManifest.xml:68:13-42
	android:name
		ADDED from src\main\AndroidManifest.xml:64:19-60
activity#com.chatt.demo.EditProfile
ADDED from src\main\AndroidManifest.xml:72:9-77:20
	android:logo
		ADDED from src\main\AndroidManifest.xml:74:13-42
	android:name
		ADDED from src\main\AndroidManifest.xml:72:19-60
service#com.parse.PushService
ADDED from src\main\AndroidManifest.xml:78:9-57
	android:name
		ADDED from src\main\AndroidManifest.xml:78:18-54
receiver#com.parse.ParsePushBroadcastReceiver
ADDED from src\main\AndroidManifest.xml:79:9-86:20
	android:exported
		ADDED from src\main\AndroidManifest.xml:80:13-37
	android:name
		ADDED from src\main\AndroidManifest.xml:79:19-70
intent-filter#com.parse.push.intent.DELETE+com.parse.push.intent.OPEN+com.parse.push.intent.RECEIVE
ADDED from src\main\AndroidManifest.xml:81:13-85:29
action#com.parse.push.intent.RECEIVE
ADDED from src\main\AndroidManifest.xml:82:17-72
	android:name
		ADDED from src\main\AndroidManifest.xml:82:25-69
action#com.parse.push.intent.DELETE
ADDED from src\main\AndroidManifest.xml:83:17-71
	android:name
		ADDED from src\main\AndroidManifest.xml:83:25-68
action#com.parse.push.intent.OPEN
ADDED from src\main\AndroidManifest.xml:84:17-69
	android:name
		ADDED from src\main\AndroidManifest.xml:84:25-66
receiver#com.parse.GcmBroadcastReceiver
ADDED from src\main\AndroidManifest.xml:87:9-98:20
	android:permission
		ADDED from src\main\AndroidManifest.xml:88:13-73
	android:name
		ADDED from src\main\AndroidManifest.xml:87:19-64
intent-filter#com.chatt.demo+com.google.android.c2dm.intent.RECEIVE+com.google.android.c2dm.intent.REGISTRATION
ADDED from src\main\AndroidManifest.xml:89:13-97:29
action#com.google.android.c2dm.intent.RECEIVE
ADDED from src\main\AndroidManifest.xml:90:17-81
	android:name
		ADDED from src\main\AndroidManifest.xml:90:25-78
action#com.google.android.c2dm.intent.REGISTRATION
ADDED from src\main\AndroidManifest.xml:91:17-86
	android:name
		ADDED from src\main\AndroidManifest.xml:91:25-83
category#com.chatt.demo
ADDED from src\main\AndroidManifest.xml:96:17-59
	android:name
		ADDED from src\main\AndroidManifest.xml:96:27-56
uses-sdk
INJECTED from src\main\AndroidManifest.xml reason: use-sdk injection requested
MERGED from [com.android.support:appcompat-v7:23.1.1] AndroidManifest.xml:20:5-43
MERGED from [com.android.support:support-v4:23.1.1] AndroidManifest.xml:20:5-43
MERGED from [com.parse:ParseUI-Login:0.0.1] AndroidManifest.xml:28:5-30:41
MERGED from [com.android.support:support-v4:23.1.1] AndroidManifest.xml:20:5-43
	android:targetSdkVersion
		INJECTED from src\main\AndroidManifest.xml
		INJECTED from src\main\AndroidManifest.xml
	android:minSdkVersion
		INJECTED from src\main\AndroidManifest.xml
		INJECTED from src\main\AndroidManifest.xml